massagerExpress/build/outputs/logs/manifest-merger-debug-report.txt
-- Merging decision tree log ---
manifest
ADDED from src/main/AndroidManifest.xml:2:1-227:12
	xmlns:android
		ADDED from src/main/AndroidManifest.xml:2:11-69
	package
		ADDED from src/main/AndroidManifest.xml:3:5-48
		INJECTED from src/main/AndroidManifest.xml
		INJECTED from src/main/AndroidManifest.xml
	android:versionName
		ADDED from src/main/AndroidManifest.xml:5:5-30
		INJECTED from src/main/AndroidManifest.xml
		INJECTED from src/main/AndroidManifest.xml
	android:versionCode
		ADDED from src/main/AndroidManifest.xml:4:5-28
		INJECTED from src/main/AndroidManifest.xml
		INJECTED from src/main/AndroidManifest.xml
uses-sdk
ADDED from src/main/AndroidManifest.xml:7:5-9:41
MERGED from [com.android.support:multidex:1.0.1] AndroidManifest.xml:18:5-42
MERGED from [MassagerExpress:crop_Lib:unspecified] AndroidManifest.xml:5:5-91
MERGED from [com.android.support:support-v4:23.1.1] AndroidManifest.xml:20:5-43
MERGED from [com.android.support:appcompat-v7:23.1.1] AndroidManifest.xml:20:5-43
MERGED from [com.android.support:support-v4:23.1.1] AndroidManifest.xml:20:5-43
MERGED from [MassagerExpress:viePage_indicator:unspecified] AndroidManifest.xml:7:5-9:40
MERGED from [com.android.support:support-v4:23.1.1] AndroidManifest.xml:20:5-43
MERGED from [com.android.support:appcompat-v7:23.1.1] AndroidManifest.xml:20:5-43
MERGED from [com.android.support:support-v4:23.1.1] AndroidManifest.xml:20:5-43
MERGED from [com.google.android.gms:play-services-maps:8.4.0] AndroidManifest.xml:26:5-42
MERGED from [com.google.android.gms:play-services-base:8.4.0] AndroidManifest.xml:18:5-42
MERGED from [com.google.android.gms:play-services-basement:8.4.0] AndroidManifest.xml:18:5-42
MERGED from [com.android.support:support-v4:23.1.1] AndroidManifest.xml:20:5-43
MERGED from [com.google.android.gms:play-services-location:8.4.0] AndroidManifest.xml:18:5-42
MERGED from [com.google.android.gms:play-services-base:8.4.0] AndroidManifest.xml:18:5-42
MERGED from [com.google.android.gms:play-services-basement:8.4.0] AndroidManifest.xml:18:5-42
MERGED from [com.android.support:support-v4:23.1.1] AndroidManifest.xml:20:5-43
MERGED from [com.google.android.gms:play-services-maps:8.4.0] AndroidManifest.xml:26:5-42
MERGED from [com.google.android.gms:play-services-base:8.4.0] AndroidManifest.xml:18:5-42
MERGED from [com.google.android.gms:play-services-basement:8.4.0] AndroidManifest.xml:18:5-42
MERGED from [com.android.support:support-v4:23.1.1] AndroidManifest.xml:20:5-43
MERGED from [com.google.android.gms:play-services-plus:8.4.0] AndroidManifest.xml:18:5-42
MERGED from [com.google.android.gms:play-services-base:8.4.0] AndroidManifest.xml:18:5-42
MERGED from [com.google.android.gms:play-services-basement:8.4.0] AndroidManifest.xml:18:5-42
MERGED from [com.android.support:support-v4:23.1.1] AndroidManifest.xml:20:5-43
MERGED from [MassagerExpress:list_lib:unspecified] AndroidManifest.xml:7:5-9:41
MERGED from [com.sromku:simple-fb:4.1.1] AndroidManifest.xml:8:5-10:41
MERGED from [com.facebook.android:facebook-android-sdk:4.7.0] AndroidManifest.xml:24:5-26:41
MERGED from [com.android.support:support-v4:23.1.1] AndroidManifest.xml:20:5-43
MERGED from [com.facebook.android:facebook-android-sdk:4.7.0] AndroidManifest.xml:24:5-26:41
MERGED from [com.android.support:support-v4:23.1.1] AndroidManifest.xml:20:5-43
MERGED from [com.paypal.sdk:paypal-android-sdk:2.13.1] AndroidManifest.xml:5:5-7:41
MERGED from [com.stripe:stripe-android:1.0.4] AndroidManifest.xml:7:5-9:41
MERGED from [com.android.support:recyclerview-v7:23.1.1] AndroidManifest.xml:20:5-43
MERGED from [com.android.support:support-v4:23.1.1] AndroidManifest.xml:20:5-43
MERGED from [com.google.android.gms:play-services-gcm:8.4.0] AndroidManifest.xml:18:5-42
MERGED from [com.google.android.gms:play-services-base:8.4.0] AndroidManifest.xml:18:5-42
MERGED from [com.google.android.gms:play-services-basement:8.4.0] AndroidManifest.xml:18:5-42
MERGED from [com.android.support:support-v4:23.1.1] AndroidManifest.xml:20:5-43
MERGED from [com.google.android.gms:play-services-measurement:8.4.0] AndroidManifest.xml:18:5-42
MERGED from [com.google.android.gms:play-services-basement:8.4.0] AndroidManifest.xml:18:5-42
MERGED from [com.android.support:support-v4:23.1.1] AndroidManifest.xml:20:5-43
MERGED from [MassagerExpress:material:unspecified] AndroidManifest.xml:7:5-9:41
MERGED from [com.android.support:appcompat-v7:23.1.1] AndroidManifest.xml:20:5-43
MERGED from [com.android.support:support-v4:23.1.1] AndroidManifest.xml:20:5-43
MERGED from [com.android.support:cardview-v7:23.1.1] AndroidManifest.xml:20:5-43
MERGED from [com.android.support:recyclerview-v7:23.1.1] AndroidManifest.xml:20:5-43
MERGED from [com.android.support:support-v4:23.1.1] AndroidManifest.xml:20:5-43
MERGED from [com.crashlytics.sdk.android:crashlytics:2.5.7] AndroidManifest.xml:7:5-43
MERGED from [com.crashlytics.sdk.android:beta:1.1.6] AndroidManifest.xml:7:5-43
MERGED from [io.fabric.sdk.android:fabric:1.3.12] AndroidManifest.xml:23:5-43
MERGED from [com.crashlytics.sdk.android:answers:1.3.8] AndroidManifest.xml:7:5-43
MERGED from [io.fabric.sdk.android:fabric:1.3.12] AndroidManifest.xml:23:5-43
MERGED from [com.crashlytics.sdk.android:crashlytics-core:2.3.10] AndroidManifest.xml:7:5-43
MERGED from [com.crashlytics.sdk.android:answers:1.3.8] AndroidManifest.xml:7:5-43
MERGED from [io.fabric.sdk.android:fabric:1.3.12] AndroidManifest.xml:23:5-43
MERGED from [io.fabric.sdk.android:fabric:1.3.12] AndroidManifest.xml:23:5-43
MERGED from [io.fabric.sdk.android:fabric:1.3.12] AndroidManifest.xml:23:5-43
	android:targetSdkVersion
		ADDED from src/main/AndroidManifest.xml:9:9-38
		INJECTED from src/main/AndroidManifest.xml
		INJECTED from src/main/AndroidManifest.xml
	android:minSdkVersion
		ADDED from src/main/AndroidManifest.xml:8:9-35
		INJECTED from src/main/AndroidManifest.xml
		MERGED from src/main/AndroidManifest.xml:8:9-35
		INJECTED from src/main/AndroidManifest.xml
	tools:overrideLibrary
		ADDED from [MassagerExpress:crop_Lib:unspecified] AndroidManifest.xml:5:15-88
uses-permission#android.permission.INTERNET
ADDED from src/main/AndroidManifest.xml:11:5-67
MERGED from [com.google.android.gms:play-services-maps:8.4.0] AndroidManifest.xml:21:5-66
MERGED from [com.google.android.gms:play-services-maps:8.4.0] AndroidManifest.xml:21:5-66
MERGED from [com.paypal.sdk:paypal-android-sdk:2.13.1] AndroidManifest.xml:10:5-67
MERGED from [com.google.android.gms:play-services-gcm:8.4.0] AndroidManifest.xml:22:5-67
MERGED from [com.google.android.gms:play-services-measurement:8.4.0] AndroidManifest.xml:21:5-67
MERGED from [com.crashlytics.sdk.android:crashlytics:2.5.7] AndroidManifest.xml:9:5-67
MERGED from [com.crashlytics.sdk.android:beta:1.1.6] AndroidManifest.xml:9:5-67
MERGED from [io.fabric.sdk.android:fabric:1.3.12] AndroidManifest.xml:25:5-67
MERGED from [com.crashlytics.sdk.android:answers:1.3.8] AndroidManifest.xml:9:5-67
MERGED from [io.fabric.sdk.android:fabric:1.3.12] AndroidManifest.xml:25:5-67
MERGED from [com.crashlytics.sdk.android:crashlytics-core:2.3.10] AndroidManifest.xml:9:5-67
MERGED from [com.crashlytics.sdk.android:answers:1.3.8] AndroidManifest.xml:9:5-67
MERGED from [io.fabric.sdk.android:fabric:1.3.12] AndroidManifest.xml:25:5-67
MERGED from [io.fabric.sdk.android:fabric:1.3.12] AndroidManifest.xml:25:5-67
MERGED from [io.fabric.sdk.android:fabric:1.3.12] AndroidManifest.xml:25:5-67
	android:name
		ADDED from src/main/AndroidManifest.xml:11:22-64
uses-permission#android.permission.ACCESS_NETWORK_STATE
ADDED from src/main/AndroidManifest.xml:12:5-79
MERGED from [com.google.android.gms:play-services-maps:8.4.0] AndroidManifest.xml:20:5-78
MERGED from [com.google.android.gms:play-services-maps:8.4.0] AndroidManifest.xml:20:5-78
MERGED from [com.paypal.sdk:paypal-android-sdk:2.13.1] AndroidManifest.xml:9:5-79
MERGED from [com.google.android.gms:play-services-measurement:8.4.0] AndroidManifest.xml:22:5-79
	android:name
		ADDED from src/main/AndroidManifest.xml:12:22-76
uses-permission#android.permission.WRITE_EXTERNAL_STORAGE
ADDED from src/main/AndroidManifest.xml:13:5-81
	android:name
		ADDED from src/main/AndroidManifest.xml:13:22-78
uses-permission#android.permission.ACCESS_WIFI_STATE
ADDED from src/main/AndroidManifest.xml:14:5-76
	android:name
		ADDED from src/main/AndroidManifest.xml:14:22-73
uses-permission#android.permission.ACCESS_COARSE_LOCATION
ADDED from src/main/AndroidManifest.xml:15:5-81
	android:name
		ADDED from src/main/AndroidManifest.xml:15:22-78
uses-permission#android.permission.ACCESS_FINE_LOCATION
ADDED from src/main/AndroidManifest.xml:16:5-79
	android:name
		ADDED from src/main/AndroidManifest.xml:16:22-76
uses-permission#android.permission.CALL_PHONE
ADDED from src/main/AndroidManifest.xml:17:5-69
	android:name
		ADDED from src/main/AndroidManifest.xml:17:22-66
uses-permission#android.permission.VIBRATE
ADDED from src/main/AndroidManifest.xml:18:5-66
	android:name
		ADDED from src/main/AndroidManifest.xml:18:22-63
uses-permission#android.permission.GET_ACCOUNTS
ADDED from src/main/AndroidManifest.xml:19:5-71
	android:name
		ADDED from src/main/AndroidManifest.xml:19:22-68
uses-permission#android.permission.CAMERA
ADDED from src/main/AndroidManifest.xml:20:5-65
	android:name
		ADDED from src/main/AndroidManifest.xml:20:22-62
uses-permission#android.permission.USE_CREDENTIALS
ADDED from src/main/AndroidManifest.xml:21:5-74
	android:name
		ADDED from src/main/AndroidManifest.xml:21:22-71
uses-permission#com.google.android.providers.gsf.permission.READ_GSERVICES
ADDED from src/main/AndroidManifest.xml:22:5-98
	android:name
		ADDED from src/main/AndroidManifest.xml:22:22-95
uses-permission#android.permission.CALL_PRIVILEGED
ADDED from src/main/AndroidManifest.xml:23:5-74
	android:name
		ADDED from src/main/AndroidManifest.xml:23:22-71
uses-permission#com.mowares.massagerexpressclient.permission.C2D_MESSAGE
ADDED from src/main/AndroidManifest.xml:24:5-96
	android:name
		ADDED from src/main/AndroidManifest.xml:24:22-93
uses-permission#com.google.android.c2dm.permission.RECEIVE
ADDED from src/main/AndroidManifest.xml:25:5-82
MERGED from [com.google.android.gms:play-services-gcm:8.4.0] AndroidManifest.xml:21:5-82
	android:name
		ADDED from src/main/AndroidManifest.xml:25:22-79
uses-permission#com.mowares.massagerexpressclient.permission.MAPS_RECEIVE
ADDED from src/main/AndroidManifest.xml:26:5-97
	android:name
		ADDED from src/main/AndroidManifest.xml:26:22-94
uses-permission#android.permission.READ_EXTERNAL_STORAGE
ADDED from src/main/AndroidManifest.xml:27:5-80
	android:name
		ADDED from src/main/AndroidManifest.xml:27:22-77
permission#com.mowares.massagerexpressclient.permission.C2D_MESSAGE
ADDED from src/main/AndroidManifest.xml:29:5-31:47
	android:protectionLevel
		ADDED from src/main/AndroidManifest.xml:31:9-44
	android:name
		ADDED from src/main/AndroidManifest.xml:30:9-80
meta-data#com.google.android.geo.API_KEY
ADDED from src/main/AndroidManifest.xml:33:5-35:50
	android:name
		ADDED from src/main/AndroidManifest.xml:34:9-54
	android:value
		ADDED from src/main/AndroidManifest.xml:35:9-47
uses-feature#0x00020000
ADDED from src/main/AndroidManifest.xml:37:5-39:35
MERGED from [com.google.android.gms:play-services-maps:8.4.0] AndroidManifest.xml:22:5-24:33
MERGED from [com.google.android.gms:play-services-maps:8.4.0] AndroidManifest.xml:22:5-24:33
	android:required
		ADDED from src/main/AndroidManifest.xml:39:9-32
	android:glEsVersion
		ADDED from src/main/AndroidManifest.xml:38:9-41
uses-feature#android.hardware.camera
ADDED from src/main/AndroidManifest.xml:40:5-42:36
	android:required
		ADDED from src/main/AndroidManifest.xml:42:9-33
	android:name
		ADDED from src/main/AndroidManifest.xml:41:9-47
uses-feature#android.hardware.camera.autofocus
ADDED from src/main/AndroidManifest.xml:43:5-45:36
	android:required
		ADDED from src/main/AndroidManifest.xml:45:9-33
	android:name
		ADDED from src/main/AndroidManifest.xml:44:9-57
android:uses-permission#android.permission.READ_PHONE_STATE
ADDED from src/main/AndroidManifest.xml:49:5-83
	android:name
		ADDED from src/main/AndroidManifest.xml:49:30-80
application
ADDED from src/main/AndroidManifest.xml:51:5-225:19
MERGED from [com.android.support:support-v4:23.1.1] AndroidManifest.xml:22:5-20
MERGED from [com.android.support:appcompat-v7:23.1.1] AndroidManifest.xml:22:5-20
MERGED from [com.android.support:support-v4:23.1.1] AndroidManifest.xml:22:5-20
MERGED from [com.android.support:support-v4:23.1.1] AndroidManifest.xml:22:5-20
MERGED from [com.android.support:appcompat-v7:23.1.1] AndroidManifest.xml:22:5-20
MERGED from [com.android.support:support-v4:23.1.1] AndroidManifest.xml:22:5-20
MERGED from [com.google.android.gms:play-services-maps:8.4.0] AndroidManifest.xml:27:5-20
MERGED from [com.google.android.gms:play-services-basement:8.4.0] AndroidManifest.xml:20:5-24:19
MERGED from [com.android.support:support-v4:23.1.1] AndroidManifest.xml:22:5-20
MERGED from [com.google.android.gms:play-services-location:8.4.0] AndroidManifest.xml:19:5-20
MERGED from [com.google.android.gms:play-services-basement:8.4.0] AndroidManifest.xml:20:5-24:19
MERGED from [com.android.support:support-v4:23.1.1] AndroidManifest.xml:22:5-20
MERGED from [com.google.android.gms:play-services-maps:8.4.0] AndroidManifest.xml:27:5-20
MERGED from [com.google.android.gms:play-services-basement:8.4.0] AndroidManifest.xml:20:5-24:19
MERGED from [com.android.support:support-v4:23.1.1] AndroidManifest.xml:22:5-20
MERGED from [com.google.android.gms:play-services-plus:8.4.0] AndroidManifest.xml:19:5-20
MERGED from [com.google.android.gms:play-services-basement:8.4.0] AndroidManifest.xml:20:5-24:19
MERGED from [com.android.support:support-v4:23.1.1] AndroidManifest.xml:22:5-20
MERGED from [MassagerExpress:list_lib:unspecified] AndroidManifest.xml:11:5-48
MERGED from [com.sromku:simple-fb:4.1.1] AndroidManifest.xml:12:5-20
MERGED from [com.facebook.android:facebook-android-sdk:4.7.0] AndroidManifest.xml:28:5-20
MERGED from [com.android.support:support-v4:23.1.1] AndroidManifest.xml:22:5-20
MERGED from [com.facebook.android:facebook-android-sdk:4.7.0] AndroidManifest.xml:28:5-20
MERGED from [com.android.support:support-v4:23.1.1] AndroidManifest.xml:22:5-20
MERGED from [com.paypal.sdk:paypal-android-sdk:2.13.1] AndroidManifest.xml:12:5-26:19
MERGED from [com.android.support:support-v4:23.1.1] AndroidManifest.xml:22:5-20
MERGED from [com.google.android.gms:play-services-gcm:8.4.0] AndroidManifest.xml:24:5-20
MERGED from [com.google.android.gms:play-services-basement:8.4.0] AndroidManifest.xml:20:5-24:19
MERGED from [com.android.support:support-v4:23.1.1] AndroidManifest.xml:22:5-20
MERGED from [com.google.android.gms:play-services-measurement:8.4.0] AndroidManifest.xml:26:5-46:19
MERGED from [com.google.android.gms:play-services-basement:8.4.0] AndroidManifest.xml:20:5-24:19
MERGED from [com.android.support:support-v4:23.1.1] AndroidManifest.xml:22:5-20
MERGED from [com.android.support:appcompat-v7:23.1.1] AndroidManifest.xml:22:5-20
MERGED from [com.android.support:support-v4:23.1.1] AndroidManifest.xml:22:5-20
MERGED from [com.android.support:cardview-v7:23.1.1] AndroidManifest.xml:22:5-20
MERGED from [com.android.support:support-v4:23.1.1] AndroidManifest.xml:22:5-20
MERGED from [com.crashlytics.sdk.android:crashlytics:2.5.7] AndroidManifest.xml:11:5-20
MERGED from [com.crashlytics.sdk.android:beta:1.1.6] AndroidManifest.xml:11:5-20
MERGED from [io.fabric.sdk.android:fabric:1.3.12] AndroidManifest.xml:27:5-20
MERGED from [com.crashlytics.sdk.android:answers:1.3.8] AndroidManifest.xml:11:5-20
MERGED from [io.fabric.sdk.android:fabric:1.3.12] AndroidManifest.xml:27:5-20
MERGED from [com.crashlytics.sdk.android:crashlytics-core:2.3.10] AndroidManifest.xml:11:5-20
MERGED from [com.crashlytics.sdk.android:answers:1.3.8] AndroidManifest.xml:11:5-20
MERGED from [io.fabric.sdk.android:fabric:1.3.12] AndroidManifest.xml:27:5-20
MERGED from [io.fabric.sdk.android:fabric:1.3.12] AndroidManifest.xml:27:5-20
MERGED from [io.fabric.sdk.android:fabric:1.3.12] AndroidManifest.xml:27:5-20
	android:allowBackup
		ADDED from [MassagerExpress:list_lib:unspecified] AndroidManifest.xml:11:18-45
	android:label
		ADDED from src/main/AndroidManifest.xml:54:9-41
	android:icon
		ADDED from src/main/AndroidManifest.xml:53:9-45
	android:theme
		ADDED from src/main/AndroidManifest.xml:56:9-40
	android:largeHeap
		ADDED from src/main/AndroidManifest.xml:55:9-33
	android:name
		ADDED from src/main/AndroidManifest.xml:52:9-46
meta-data#com.google.android.gms.version
ADDED from src/main/AndroidManifest.xml:57:9-59:69
MERGED from [com.google.android.gms:play-services-basement:8.4.0] AndroidManifest.xml:21:9-23:69
MERGED from [com.google.android.gms:play-services-basement:8.4.0] AndroidManifest.xml:21:9-23:69
MERGED from [com.google.android.gms:play-services-basement:8.4.0] AndroidManifest.xml:21:9-23:69
MERGED from [com.google.android.gms:play-services-basement:8.4.0] AndroidManifest.xml:21:9-23:69
MERGED from [com.google.android.gms:play-services-basement:8.4.0] AndroidManifest.xml:21:9-23:69
MERGED from [com.google.android.gms:play-services-basement:8.4.0] AndroidManifest.xml:21:9-23:69
	android:name
		ADDED from src/main/AndroidManifest.xml:58:13-58
	android:value
		ADDED from src/main/AndroidManifest.xml:59:13-66
meta-data#com.google.android.maps.v2.API_KEY
ADDED from src/main/AndroidManifest.xml:60:9-62:54
	android:name
		ADDED from src/main/AndroidManifest.xml:61:13-62
	android:value
		ADDED from src/main/AndroidManifest.xml:62:13-51
receiver#com.mowares.massagerexpressclient.GcmBroadcastReceiver
ADDED from src/main/AndroidManifest.xml:67:9-78:20
	android:exported
		ADDED from src/main/AndroidManifest.xml:70:13-36
	android:enabled
		ADDED from src/main/AndroidManifest.xml:69:13-35
	android:permission
		ADDED from src/main/AndroidManifest.xml:71:13-73
	android:name
		ADDED from src/main/AndroidManifest.xml:68:13-49
intent-filter#com.google.android.c2dm.intent.RECEIVE+com.google.android.c2dm.intent.REGISTRATION+com.mobilefirst.massagerexpressprovider
ADDED from src/main/AndroidManifest.xml:72:13-77:29
action#com.google.android.c2dm.intent.RECEIVE
ADDED from src/main/AndroidManifest.xml:73:17-81
	android:name
		ADDED from src/main/AndroidManifest.xml:73:25-78
action#com.google.android.c2dm.intent.REGISTRATION
ADDED from src/main/AndroidManifest.xml:74:17-86
	android:name
		ADDED from src/main/AndroidManifest.xml:74:25-83
category#com.mobilefirst.massagerexpressprovider
ADDED from src/main/AndroidManifest.xml:76:17-84
	android:name
		ADDED from src/main/AndroidManifest.xml:76:27-81
service#com.mowares.massagerexpressclient.GCMNotificationIntentService
ADDED from src/main/AndroidManifest.xml:80:9-82:39
	android:exported
		ADDED from src/main/AndroidManifest.xml:82:13-36
	android:name
		ADDED from src/main/AndroidManifest.xml:81:13-57
meta-data#com.facebook.sdk.ApplicationId
ADDED from src/main/AndroidManifest.xml:83:9-85:46
	android:name
		ADDED from src/main/AndroidManifest.xml:84:13-58
	android:value
		ADDED from src/main/AndroidManifest.xml:85:13-43
activity#io.card.payment.CardIOActivity
ADDED from src/main/AndroidManifest.xml:87:9-89:66
	android:configChanges
		ADDED from src/main/AndroidManifest.xml:89:13-63
	android:name
		ADDED from src/main/AndroidManifest.xml:88:13-58
activity#io.card.payment.DataEntryActivity
ADDED from src/main/AndroidManifest.xml:90:9-92:52
	android:screenOrientation
		ADDED from src/main/AndroidManifest.xml:92:13-49
	android:name
		ADDED from src/main/AndroidManifest.xml:91:13-61
activity#com.mowares.massagerexpressclient.UberMyThingActivity
ADDED from src/main/AndroidManifest.xml:93:9-95:52
	android:screenOrientation
		ADDED from src/main/AndroidManifest.xml:95:13-49
	android:name
		ADDED from src/main/AndroidManifest.xml:94:13-48
activity#com.mowares.massagerexpressclient.UberAddPaymentActivity
ADDED from src/main/AndroidManifest.xml:96:9-98:52
	android:screenOrientation
		ADDED from src/main/AndroidManifest.xml:98:13-49
	android:name
		ADDED from src/main/AndroidManifest.xml:97:13-51
activity#com.mowares.massagerexpressclient.UberViewPaymentActivity
ADDED from src/main/AndroidManifest.xml:99:9-102:57
	android:windowSoftInputMode
		ADDED from src/main/AndroidManifest.xml:102:13-54
	android:screenOrientation
		ADDED from src/main/AndroidManifest.xml:101:13-49
	android:name
		ADDED from src/main/AndroidManifest.xml:100:13-52
activity#com.mowares.massagerexpressclient.HistoryActivity
ADDED from src/main/AndroidManifest.xml:103:9-105:52
	android:screenOrientation
		ADDED from src/main/AndroidManifest.xml:105:13-49
	android:name
		ADDED from src/main/AndroidManifest.xml:104:13-44
activity#com.mowares.massagerexpressclient.HelpActivity
ADDED from src/main/AndroidManifest.xml:106:9-108:52
	android:screenOrientation
		ADDED from src/main/AndroidManifest.xml:108:13-49
	android:name
		ADDED from src/main/AndroidManifest.xml:107:13-41
activity#com.mowares.massagerexpressclient.ProfileActivity
ADDED from src/main/AndroidManifest.xml:109:9-112:52
	android:screenOrientation
		ADDED from src/main/AndroidManifest.xml:112:13-49
	android:configChanges
		ADDED from src/main/AndroidManifest.xml:111:13-51
	android:name
		ADDED from src/main/AndroidManifest.xml:110:13-44
activity#com.mowares.massagerexpressclient.OnBoardingActivity
ADDED from src/main/AndroidManifest.xml:113:9-117:57
	android:windowSoftInputMode
		ADDED from src/main/AndroidManifest.xml:117:13-54
	android:screenOrientation
		ADDED from src/main/AndroidManifest.xml:115:13-49
	android:theme
		ADDED from src/main/AndroidManifest.xml:116:13-69
	android:name
		ADDED from src/main/AndroidManifest.xml:114:13-47
activity#com.mowares.massagerexpressclient.VerifyOtp
ADDED from src/main/AndroidManifest.xml:118:9-121:72
	android:screenOrientation
		ADDED from src/main/AndroidManifest.xml:120:13-49
	android:theme
		ADDED from src/main/AndroidManifest.xml:121:13-69
	android:name
		ADDED from src/main/AndroidManifest.xml:119:13-38
activity#com.braintreepayments.api.dropin.BraintreePaymentActivity
ADDED from src/main/AndroidManifest.xml:122:9-94
	android:name
		ADDED from src/main/AndroidManifest.xml:122:19-91
activity#com.paypal.android.sdk.payments.PayPalProfileSharingActivity
ADDED from src/main/AndroidManifest.xml:123:9-97
MERGED from [com.paypal.sdk:paypal-android-sdk:2.13.1] AndroidManifest.xml:20:9-97
	android:name
		ADDED from src/main/AndroidManifest.xml:123:19-94
activity#com.paypal.android.sdk.payments.ProfileSharingConsentActivity
ADDED from src/main/AndroidManifest.xml:124:9-98
MERGED from [com.paypal.sdk:paypal-android-sdk:2.13.1] AndroidManifest.xml:21:9-98
	android:name
		ADDED from src/main/AndroidManifest.xml:124:19-95
activity#com.paypal.android.sdk.payments.FuturePaymentInfoActivity
ADDED from src/main/AndroidManifest.xml:125:9-94
MERGED from [com.paypal.sdk:paypal-android-sdk:2.13.1] AndroidManifest.xml:19:9-94
	android:name
		ADDED from src/main/AndroidManifest.xml:125:19-91
activity#com.paypal.android.sdk.payments.LoginActivity
ADDED from src/main/AndroidManifest.xml:126:9-82
MERGED from [com.paypal.sdk:paypal-android-sdk:2.13.1] AndroidManifest.xml:16:9-82
	android:name
		ADDED from src/main/AndroidManifest.xml:126:19-79
activity#com.paypal.android.sdk.payments.PayPalTouchActivity
ADDED from src/main/AndroidManifest.xml:127:9-129:75
	android:theme
		ADDED from src/main/AndroidManifest.xml:129:13-72
	android:name
		ADDED from src/main/AndroidManifest.xml:128:13-79
activity#com.paypal.android.sdk.payments.PaymentActivity
ADDED from src/main/AndroidManifest.xml:130:9-84
MERGED from [com.paypal.sdk:paypal-android-sdk:2.13.1] AndroidManifest.xml:13:9-84
	android:name
		ADDED from src/main/AndroidManifest.xml:130:19-81
activity#com.paypal.android.sdk.payments.PaymentMethodActivity
ADDED from src/main/AndroidManifest.xml:131:9-90
MERGED from [com.paypal.sdk:paypal-android-sdk:2.13.1] AndroidManifest.xml:14:9-90
	android:name
		ADDED from src/main/AndroidManifest.xml:131:19-87
activity#com.paypal.android.sdk.payments.PaymentConfirmActivity
ADDED from src/main/AndroidManifest.xml:132:9-91
MERGED from [com.paypal.sdk:paypal-android-sdk:2.13.1] AndroidManifest.xml:15:9-91
	android:name
		ADDED from src/main/AndroidManifest.xml:132:19-88
activity#com.mowares.massagerexpressclient.registration
ADDED from src/main/AndroidManifest.xml:133:9-137:57
	android:windowSoftInputMode
		ADDED from src/main/AndroidManifest.xml:137:13-54
	android:screenOrientation
		ADDED from src/main/AndroidManifest.xml:135:13-49
	android:theme
		ADDED from src/main/AndroidManifest.xml:136:13-69
	android:name
		ADDED from src/main/AndroidManifest.xml:134:13-41
activity#com.mowares.massagerexpressclient.ChooseYourNok
ADDED from src/main/AndroidManifest.xml:138:9-141:72
	android:screenOrientation
		ADDED from src/main/AndroidManifest.xml:140:13-49
	android:theme
		ADDED from src/main/AndroidManifest.xml:141:13-69
	android:name
		ADDED from src/main/AndroidManifest.xml:139:13-42
activity#com.mowares.massagerexpressclient.ListService
ADDED from src/main/AndroidManifest.xml:142:9-145:72
	android:screenOrientation
		ADDED from src/main/AndroidManifest.xml:144:13-49
	android:theme
		ADDED from src/main/AndroidManifest.xml:145:13-69
	android:name
		ADDED from src/main/AndroidManifest.xml:143:13-40
activity#com.mowares.massagerexpressclient.SplashActivity
ADDED from src/main/AndroidManifest.xml:146:9-155:20
	android:screenOrientation
		ADDED from src/main/AndroidManifest.xml:148:13-49
	android:theme
		ADDED from src/main/AndroidManifest.xml:149:13-69
	android:name
		ADDED from src/main/AndroidManifest.xml:147:13-43
intent-filter#android.intent.action.MAIN+android.intent.category.LAUNCHER
ADDED from src/main/AndroidManifest.xml:150:13-154:29
category#android.intent.category.LAUNCHER
ADDED from src/main/AndroidManifest.xml:151:17-77
	android:name
		ADDED from src/main/AndroidManifest.xml:151:27-74
action#android.intent.action.MAIN
ADDED from src/main/AndroidManifest.xml:153:17-69
	android:name
		ADDED from src/main/AndroidManifest.xml:153:25-66
activity#com.mowares.massagerexpressclient.MapActivity
ADDED from src/main/AndroidManifest.xml:156:9-160:71
	android:windowSoftInputMode
		ADDED from src/main/AndroidManifest.xml:160:13-68
	android:screenOrientation
		ADDED from src/main/AndroidManifest.xml:158:13-49
	android:theme
		ADDED from src/main/AndroidManifest.xml:159:13-69
	android:name
		ADDED from src/main/AndroidManifest.xml:157:13-40
activity#com.mowares.massagerexpressclient.who_is_noking
ADDED from src/main/AndroidManifest.xml:161:9-165:57
	android:windowSoftInputMode
		ADDED from src/main/AndroidManifest.xml:165:13-54
	android:screenOrientation
		ADDED from src/main/AndroidManifest.xml:163:13-49
	android:theme
		ADDED from src/main/AndroidManifest.xml:164:13-69
	android:name
		ADDED from src/main/AndroidManifest.xml:162:13-42
activity#com.mowares.massagerexpressclient.GetReadyToNok
ADDED from src/main/AndroidManifest.xml:166:9-169:72
	android:screenOrientation
		ADDED from src/main/AndroidManifest.xml:168:13-49
	android:theme
		ADDED from src/main/AndroidManifest.xml:169:13-69
	android:name
		ADDED from src/main/AndroidManifest.xml:167:13-42
activity#com.mowares.massagerexpressclient.CustomerService
ADDED from src/main/AndroidManifest.xml:170:9-174:57
	android:windowSoftInputMode
		ADDED from src/main/AndroidManifest.xml:174:13-54
	android:screenOrientation
		ADDED from src/main/AndroidManifest.xml:172:13-49
	android:theme
		ADDED from src/main/AndroidManifest.xml:173:13-69
	android:name
		ADDED from src/main/AndroidManifest.xml:171:13-44
activity#com.savelog.CrashActivity
ADDED from src/main/AndroidManifest.xml:190:9-193:75
	android:screenOrientation
		ADDED from src/main/AndroidManifest.xml:192:13-49
	android:theme
		ADDED from src/main/AndroidManifest.xml:193:13-72
	android:name
		ADDED from src/main/AndroidManifest.xml:191:13-53
service#com.mobile.connect.service.PWConnectService
ADDED from src/main/AndroidManifest.xml:207:9-209:40
	android:exported
		ADDED from src/main/AndroidManifest.xml:209:13-37
	android:name
		ADDED from src/main/AndroidManifest.xml:208:13-71
activity#com.mowares.massagerexpressclient.Myprofile
ADDED from src/main/AndroidManifest.xml:211:9-213:52
	android:screenOrientation
		ADDED from src/main/AndroidManifest.xml:213:13-49
	android:name
		ADDED from src/main/AndroidManifest.xml:212:13-38
activity#com.mowares.massagerexpressclient.Termsofservice
ADDED from src/main/AndroidManifest.xml:214:9-216:52
	android:screenOrientation
		ADDED from src/main/AndroidManifest.xml:216:13-49
	android:name
		ADDED from src/main/AndroidManifest.xml:215:13-43
activity#com.mowares.massagerexpressclient.Feedback
ADDED from src/main/AndroidManifest.xml:217:9-220:57
	android:windowSoftInputMode
		ADDED from src/main/AndroidManifest.xml:220:13-54
	android:screenOrientation
		ADDED from src/main/AndroidManifest.xml:219:13-49
	android:name
		ADDED from src/main/AndroidManifest.xml:218:13-37
meta-data#io.fabric.ApiKey
ADDED from src/main/AndroidManifest.xml:222:9-224:72
	android:name
		ADDED from src/main/AndroidManifest.xml:223:13-44
	android:value
		ADDED from src/main/AndroidManifest.xml:224:13-69
activity#com.paypal.android.sdk.payments.PayPalFuturePaymentActivity
ADDED from [com.paypal.sdk:paypal-android-sdk:2.13.1] AndroidManifest.xml:17:9-96
	android:name
		ADDED from [com.paypal.sdk:paypal-android-sdk:2.13.1] AndroidManifest.xml:17:19-93
activity#com.paypal.android.sdk.payments.FuturePaymentConsentActivity
ADDED from [com.paypal.sdk:paypal-android-sdk:2.13.1] AndroidManifest.xml:18:9-97
	android:name
		ADDED from [com.paypal.sdk:paypal-android-sdk:2.13.1] AndroidManifest.xml:18:19-94
service#com.paypal.android.sdk.payments.PayPalService
ADDED from [com.paypal.sdk:paypal-android-sdk:2.13.1] AndroidManifest.xml:23:9-25:40
	android:exported
		ADDED from [com.paypal.sdk:paypal-android-sdk:2.13.1] AndroidManifest.xml:25:13-37
	android:name